<?xml version="1.0" encoding="UTF-8"?>
<coverage generated="1516052774418" clover="3.2.0">
  <project timestamp="1516052774418" name="All files">
    <metrics statements="75" coveredstatements="59" conditionals="24" coveredconditionals="16" methods="19" coveredmethods="16" elements="118" coveredelements="91" complexity="0" loc="75" ncloc="75" packages="2" files="3" classes="3">
      <package name="src">
        <metrics statements="69" coveredstatements="53" conditionals="22" coveredconditionals="15" methods="16" coveredmethods="13"/>
        <file name="currency_pair.ts" path="/Users/gianluca/Developer/binance-watcher/src/currency_pair.ts">
          <metrics statements="40" coveredstatements="40" conditionals="16" coveredconditionals="13" methods="8" coveredmethods="8"/>
          <line num="2" count="2" type="stmt"/>
          <line num="3" count="2" type="stmt"/>
          <line num="10" count="8" type="stmt"/>
          <line num="11" count="1829" type="stmt"/>
          <line num="12" count="1829" type="cond" truecount="1" falsecount="1"/>
          <line num="13" count="1829" type="stmt"/>
          <line num="15" count="1829" type="cond" truecount="2" falsecount="0"/>
          <line num="16" count="13" type="stmt"/>
          <line num="18" count="1829" type="cond" truecount="2" falsecount="0"/>
          <line num="19" count="8" type="stmt"/>
          <line num="21" count="1829" type="stmt"/>
          <line num="22" count="1829" type="stmt"/>
          <line num="23" count="1829" type="cond" truecount="2" falsecount="0"/>
          <line num="24" count="2" type="stmt"/>
          <line num="30" count="1829" type="stmt"/>
          <line num="32" count="8" type="stmt"/>
          <line num="33" count="8" type="stmt"/>
          <line num="34" count="8" type="stmt"/>
          <line num="35" count="8" type="stmt"/>
          <line num="41" count="1829" type="stmt"/>
          <line num="44" count="40" type="cond" truecount="2" falsecount="0"/>
          <line num="45" count="25" type="stmt"/>
          <line num="47" count="15" type="stmt"/>
          <line num="53" count="1829" type="stmt"/>
          <line num="54" count="9" type="stmt"/>
          <line num="55" count="9" type="stmt"/>
          <line num="59" count="6" type="stmt"/>
          <line num="60" count="6" type="cond" truecount="1" falsecount="1"/>
          <line num="61" count="6" type="stmt"/>
          <line num="63" count="6" type="stmt"/>
          <line num="64" count="23" type="stmt"/>
          <line num="66" count="6" type="stmt"/>
          <line num="69" count="2" type="stmt"/>
          <line num="70" count="2" type="cond" truecount="1" falsecount="1"/>
          <line num="71" count="2" type="stmt"/>
          <line num="73" count="2" type="stmt"/>
          <line num="74" count="12" type="stmt"/>
          <line num="76" count="2" type="stmt"/>
          <line num="83" count="1" type="stmt"/>
          <line num="86" count="2" type="stmt"/>
        </file>
        <file name="monitor.ts" path="/Users/gianluca/Developer/binance-watcher/src/monitor.ts">
          <metrics statements="29" coveredstatements="13" conditionals="6" coveredconditionals="2" methods="8" coveredmethods="5"/>
          <line num="2" count="1" type="stmt"/>
          <line num="5" count="1" type="stmt"/>
          <line num="6" count="1" type="stmt"/>
          <line num="9" count="1" type="stmt"/>
          <line num="12" count="0" type="stmt"/>
          <line num="13" count="0" type="stmt"/>
          <line num="14" count="0" type="stmt"/>
          <line num="15" count="0" type="stmt"/>
          <line num="16" count="0" type="stmt"/>
          <line num="17" count="0" type="stmt"/>
          <line num="18" count="0" type="cond" truecount="0" falsecount="2"/>
          <line num="19" count="0" type="stmt"/>
          <line num="21" count="0" type="stmt"/>
          <line num="22" count="0" type="cond" truecount="0" falsecount="2"/>
          <line num="24" count="0" type="stmt"/>
          <line num="25" count="0" type="stmt"/>
          <line num="26" count="0" type="stmt"/>
          <line num="29" count="2" type="stmt"/>
          <line num="30" count="2" type="cond" truecount="2" falsecount="0"/>
          <line num="31" count="1" type="stmt"/>
          <line num="35" count="0" type="stmt"/>
          <line num="38" count="1" type="stmt"/>
          <line num="39" count="1" type="stmt"/>
          <line num="40" count="2" type="stmt"/>
          <line num="43" count="1" type="stmt"/>
          <line num="44" count="1" type="stmt"/>
          <line num="45" count="0" type="stmt"/>
          <line num="46" count="0" type="stmt"/>
          <line num="50" count="1" type="stmt"/>
        </file>
      </package>
      <package name="test">
        <metrics statements="6" coveredstatements="6" conditionals="2" coveredconditionals="1" methods="3" coveredmethods="3"/>
        <file name="utils.ts" path="/Users/gianluca/Developer/binance-watcher/test/utils.ts">
          <metrics statements="6" coveredstatements="6" conditionals="2" coveredconditionals="1" methods="3" coveredmethods="3"/>
          <line num="2" count="2" type="stmt"/>
          <line num="5" count="7" type="stmt"/>
          <line num="8" count="8" type="stmt"/>
          <line num="11" count="1829" type="cond" truecount="1" falsecount="1"/>
          <line num="12" count="1829" type="stmt"/>
          <line num="16" count="2" type="stmt"/>
        </file>
      </package>
    </metrics>
  </project>
</coverage>
