TN:
SF:/Users/gianluca/Developer/binance-watcher/src/currency_pair.ts
FN:9,(anonymous_0)
FN:10,(anonymous_1)
FN:40,(anonymous_2)
FN:43,(anonymous_3)
FN:52,(anonymous_4)
FN:58,(anonymous_5)
FN:68,(anonymous_6)
FN:82,(anonymous_7)
FNF:8
FNH:8
FNDA:8,(anonymous_0)
FNDA:1829,(anonymous_1)
FNDA:1829,(anonymous_2)
FNDA:40,(anonymous_3)
FNDA:1829,(anonymous_4)
FNDA:6,(anonymous_5)
FNDA:2,(anonymous_6)
FNDA:1,(anonymous_7)
DA:2,2
DA:3,2
DA:10,8
DA:11,1829
DA:12,1829
DA:13,1829
DA:15,1829
DA:16,13
DA:18,1829
DA:19,8
DA:21,1829
DA:22,1829
DA:23,1829
DA:24,2
DA:30,1829
DA:32,8
DA:33,8
DA:34,8
DA:35,8
DA:41,1829
DA:44,40
DA:45,25
DA:47,15
DA:53,1829
DA:54,9
DA:55,9
DA:59,6
DA:60,6
DA:61,6
DA:63,6
DA:64,23
DA:66,6
DA:69,2
DA:70,2
DA:71,2
DA:73,2
DA:74,12
DA:76,2
DA:83,1
DA:86,2
LF:40
LH:40
BRDA:12,0,0,1829
BRDA:12,0,1,0
BRDA:15,1,0,13
BRDA:15,1,1,1816
BRDA:18,2,0,8
BRDA:18,2,1,1821
BRDA:23,3,0,2
BRDA:23,3,1,1827
BRDA:44,4,0,25
BRDA:44,4,1,15
BRDA:58,5,0,1
BRDA:60,6,0,6
BRDA:60,6,1,0
BRDA:68,7,0,1
BRDA:70,8,0,2
BRDA:70,8,1,0
BRF:16
BRH:13
end_of_record
TN:
SF:/Users/gianluca/Developer/binance-watcher/src/monitor.ts
FN:4,(anonymous_0)
FN:8,(anonymous_1)
FN:11,(anonymous_2)
FN:28,(anonymous_3)
FN:34,(anonymous_4)
FN:37,(anonymous_5)
FN:39,(anonymous_6)
FN:44,(anonymous_7)
FNF:8
FNH:5
FNDA:1,(anonymous_0)
FNDA:1,(anonymous_1)
FNDA:0,(anonymous_2)
FNDA:2,(anonymous_3)
FNDA:0,(anonymous_4)
FNDA:1,(anonymous_5)
FNDA:2,(anonymous_6)
FNDA:0,(anonymous_7)
DA:2,1
DA:5,1
DA:6,1
DA:9,1
DA:12,0
DA:13,0
DA:14,0
DA:15,0
DA:16,0
DA:17,0
DA:18,0
DA:19,0
DA:21,0
DA:22,0
DA:24,0
DA:25,0
DA:26,0
DA:29,2
DA:30,2
DA:31,1
DA:35,0
DA:38,1
DA:39,1
DA:40,2
DA:43,1
DA:44,1
DA:45,0
DA:46,0
DA:50,1
LF:29
LH:13
BRDA:18,0,0,0
BRDA:18,0,1,0
BRDA:22,1,0,0
BRDA:22,1,1,0
BRDA:30,2,0,1
BRDA:30,2,1,1
BRF:6
BRH:2
end_of_record
TN:
SF:/Users/gianluca/Developer/binance-watcher/test/utils.ts
FN:4,(anonymous_0)
FN:7,(anonymous_1)
FN:10,(anonymous_2)
FNF:3
FNH:3
FNDA:7,(anonymous_0)
FNDA:8,(anonymous_1)
FNDA:1829,(anonymous_2)
DA:2,2
DA:5,7
DA:8,8
DA:11,1829
DA:12,1829
DA:16,2
LF:6
LH:6
BRDA:11,0,0,1829
BRDA:11,0,1,0
BRF:2
BRH:1
end_of_record
